<?xml version="1.0" encoding="UTF-8"?>
<!-- Generated by org.testng.reporters.JUnitXMLReporter -->
<testsuite hostname="LAPTOP-E40OKJ6V" failures="1" tests="1" name="NegativeCase1" time="48.891" errors="0" timestamp="8 Aug 2021 20:15:11 GMT">
  <testcase classname="ContactMe.ContactMe" name="test1" time="34.891">
    <failure type="java.lang.NullPointerException" message="Cannot invoke &amp;quot;com.relevantcodes.extentreports.ExtentTest.log(com.relevantcodes.extentreports.LogStatus, String)&amp;quot; because &amp;quot;ContactMe.ContactMe.test&amp;quot; is null">
      <![CDATA[java.lang.NullPointerException: Cannot invoke "com.relevantcodes.extentreports.ExtentTest.log(com.relevantcodes.extentreports.LogStatus, String)" because "ContactMe.ContactMe.test" is null
	at ContactMe.ContactMe.test1(ContactMe.java:60)
... Removed 24 stack frames]]>
    </failure>
  </testcase> <!-- test1 -->
</testsuite> <!-- NegativeCase1 -->
